-1
1
3
-1
9
4
-1
-1
-1
-1
-1
-1
-1
4
-1
-1
-1
-1
-1
-1
-1
9
-1
-1
-1
-1
8
6
-1
-1
-1
9
-1
-1
3
-1
-1
-1
-1
9
-1
-1
9
-1
-1
-1
-1
-1
4
-1
9
6
4
8
-1
4
-1
-1
2
-1
-1
1
-1
-1
-1
-1
-1
-1
3
-1
-1
4
-1
-1
-1
-1
-1
-1
-1
2
-1
-1
-1
9
-1
-1
-1
-1
2
-1
-1
9
9
-1
-1
-1
6
4
-1
-1
6
-1
-1
-1
-1
9
-1
-1
8
-1
-1
3
-1
-1
-1
-1
8
1
-1
6
6
-1
1
-1
-1
-1
1
-1
-1
-1
-1
-1
2
9
-1
2
-1
6
-1
-1
-1
-1
-1
-1
-1
-1
-1
-1
-1
-1
-1
-1
-1
-1
-1
-1
-1
-1
-1
-1
-1
2
-1
1
1
-1
-1
-1
-1
-1
-1
-1
6
-1
-1
-1
4
9
-1
-1
-1
-1
4
4
-1
-1
-1
-1
-1
-1
-1
-1
-1
-1
-1
4
-1
1
-1
-1
-1
2
-1
-1
-1
-1
-1
8
-1
-1
-1
-1
-1
-1
-1
-1
2
-1
2
-1
-1
3
-1
-1
-1
1
-1
8
6
-1
-1
2
-1
4
-1
-1
8
-1
-1
-1
1
-1
-1
-1
-1
-1
2
-1
4
-1
-1
-1
6
-1
-1
-1
2
-1
-1
-1
4
-1
-1
3
-1
-1
3
-1
-1
-1
-1
-1
9
-1
-1
-1
-1
-1
4
-1
1
-1
6
-1
-1
-1
-1
-1
9
-1
-1
-1
-1
-1
-1
-1
-1
6
1
-1
-1
6
-1
1
-1
-1
8
1
-1
-1
-1
-1
-1
-1
4
-1
-1
-1
-1
-1
9
-1
-1
-1
-1
9
8
-1
-1
-1
-1
-1
-1
-1
-1
-1
6
-1
-1
-1
-1
-1
-1
-1
-1
-1
-1
-1
2
-1
-1
-1
-1
-1
3
2
1
-1
-1
-1
-1
9
-1
-1
-1
-1
-1
-1
-1
-1
-1
2
4
-1
-1
-1
-1
-1
-1
-1
2
-1
-1
-1
-1
-1
-1
-1
-1
-1
-1
-1
-1
-1
-1
6
-1
-1
9
1
-1
-1
-1
9
-1
9
-1
-1
-1
4
-1
-1
-1
-1
-1
-1
-1
-1
-1
1
